[90mGET / [32m200 [90m489ms - 2.68kb[0m
[90mGET /lib/bootstrap/dist/css/bootstrap.min.css [36m304 [90m7ms[0m
[90mGET /lib/animate/animate.css [36m304 [90m5ms[0m
[90mGET /lib/ionicons/css/ionicons.min.css [36m304 [90m4ms[0m
[90mGET /css/app.css [36m304 [90m5ms[0m
[90mGET /lib/angular/angular.min.js [36m304 [90m4ms[0m
[90mGET /lib/angular/angular-route.min.js [36m304 [90m4ms[0m
[90mGET /lib/angular/angular-resource.min.js [36m304 [90m2ms[0m
[90mGET /lib/angular/angular-animate.min.js [36m304 [90m2ms[0m
[90mGET /lib/ui-bootstrap/ui-bootstrap-tpls-0.9.0.min.js [36m304 [90m3ms[0m
[90mGET /js/app.js [36m304 [90m3ms[0m
[90mGET /js/controllers/app.js [36m304 [90m2ms[0m
[90mGET /js/controllers/index.js [36m304 [90m1ms[0m
[90mGET /js/controllers/register.js [36m304 [90m3ms[0m
[90mGET /js/controllers/login.js [36m304 [90m2ms[0m
[90mGET /js/controllers/admin.js [36m304 [90m1ms[0m
[90mGET /js/controllers/navigation.js [36m304 [90m2ms[0m
[90mGET /js/controllers/article.js [36m304 [90m3ms[0m
[90mGET /js/controllers/archive.js [36m304 [90m2ms[0m
[90mGET /js/controllers/contact.js [36m304 [90m2ms[0m
[90mGET /js/controllers/edit.js [36m304 [90m2ms[0m
[90mGET /js/directives/index.js [36m304 [90m2ms[0m
[90mGET /js/directives/particles.js [36m304 [90m2ms[0m
[90mGET /js/directives/button.js [36m304 [90m1ms[0m
[90mGET /js/providers/articles.js [36m304 [90m1ms[0m
[90mGET /js/providers/isMobile.js [36m304 [90m1ms[0m
[90mGET /partials/index [36m304 [90m44ms[0m
[90mGET /api/articles [32m200 [90m51ms - 1.35kb[0m
[90mGET /lib/ionicons/fonts/ionicons.ttf?v=1.4.0 [36m304 [90m1ms[0m
[90mGET / [36m304 [90m33ms[0m
[90mGET / [36m304 [90m33ms[0m
[90mGET /lib/bootstrap/dist/css/bootstrap.min.css [36m304 [90m1ms[0m
[90mGET /lib/ionicons/css/ionicons.min.css [36m304 [90m2ms[0m
[90mGET /css/app.css [36m304 [90m2ms[0m
[90mGET /lib/angular/angular-route.min.js [36m304 [90m2ms[0m
[90mGET /lib/animate/animate.css [36m304 [90m2ms[0m
[90mGET /lib/angular/angular.min.js [36m304 [90m2ms[0m
[90mGET /lib/angular/angular-resource.min.js [36m304 [90m2ms[0m
[90mGET /lib/angular/angular-animate.min.js [36m304 [90m1ms[0m
[90mGET /lib/ui-bootstrap/ui-bootstrap-tpls-0.9.0.min.js [36m304 [90m2ms[0m
[90mGET /js/app.js [36m304 [90m2ms[0m
[90mGET /js/controllers/app.js [36m304 [90m2ms[0m
[90mGET /js/controllers/index.js [36m304 [90m1ms[0m
[90mGET /js/controllers/register.js [36m304 [90m4ms[0m
[90mGET /js/controllers/admin.js [36m304 [90m2ms[0m
[90mGET /js/controllers/login.js [36m304 [90m1ms[0m
[90mGET /js/controllers/navigation.js [36m304 [90m2ms[0m
[90mGET /js/controllers/article.js [36m304 [90m2ms[0m
[90mGET /js/controllers/archive.js [36m304 [90m3ms[0m
[90mGET /js/controllers/contact.js [36m304 [90m2ms[0m
[90mGET /js/controllers/edit.js [36m304 [90m1ms[0m
[90mGET /js/directives/index.js [36m304 [90m1ms[0m
[90mGET /js/directives/particles.js [36m304 [90m2ms[0m
[90mGET /js/directives/button.js [36m304 [90m1ms[0m
[90mGET /js/providers/articles.js [36m304 [90m1ms[0m
[90mGET /js/providers/isMobile.js [36m304 [90m0ms[0m
[90mGET /partials/index [36m304 [90m25ms[0m
[90mGET /api/articles [36m304 [90m52ms[0m
[90mGET /lib/ionicons/fonts/ionicons.ttf?v=1.4.0 [36m304 [90m1ms[0m
[90mGET /!/admin [33m404 [90m2ms[0m
[90mGET /!/admin [33m404 [90m1ms[0m
[90mGET / [36m304 [90m37ms[0m
[90mGET / [36m304 [90m40ms[0m
[90mGET / [32m200 [90m23ms - 2.68kb[0m
[90mGET /lib/bootstrap/dist/css/bootstrap.min.css [36m304 [90m5ms[0m
[90mGET /lib/animate/animate.css [36m304 [90m4ms[0m
[90mGET /lib/ionicons/css/ionicons.min.css [36m304 [90m3ms[0m
[90mGET /css/app.css [36m304 [90m2ms[0m
[90mGET /lib/angular/angular.min.js [36m304 [90m2ms[0m
[90mGET /lib/angular/angular-route.min.js [36m304 [90m1ms[0m
[90mGET /lib/angular/angular-resource.min.js [36m304 [90m3ms[0m
[90mGET /lib/angular/angular-animate.min.js [36m304 [90m2ms[0m
[90mGET /lib/ui-bootstrap/ui-bootstrap-tpls-0.9.0.min.js [36m304 [90m5ms[0m
[90mGET /js/controllers/app.js [36m304 [90m4ms[0m
[90mGET /js/app.js [36m304 [90m6ms[0m
[90mGET /js/controllers/index.js [36m304 [90m3ms[0m
[90mGET /js/controllers/register.js [36m304 [90m2ms[0m
[90mGET /js/controllers/login.js [36m304 [90m1ms[0m
[90mGET /js/controllers/admin.js [36m304 [90m2ms[0m
[90mGET /js/controllers/navigation.js [36m304 [90m1ms[0m
[90mGET /js/controllers/article.js [36m304 [90m2ms[0m
[90mGET /js/controllers/contact.js [36m304 [90m1ms[0m
[90mGET /js/controllers/archive.js [36m304 [90m2ms[0m
[90mGET /js/controllers/edit.js [36m304 [90m2ms[0m
[90mGET /js/directives/index.js [36m304 [90m3ms[0m
[90mGET /js/directives/button.js [36m304 [90m3ms[0m
[90mGET /js/directives/particles.js [36m304 [90m3ms[0m
[90mGET /js/providers/articles.js [36m304 [90m1ms[0m
[90mGET /js/providers/isMobile.js [36m304 [90m1ms[0m
[90mGET /partials/index [36m304 [90m11ms[0m
[90mGET / [32m200 [90m25ms - 2.68kb[0m
[90mGET /lib/bootstrap/dist/css/bootstrap.min.css [36m304 [90m2ms[0m
[90mGET /lib/ionicons/css/ionicons.min.css [36m304 [90m2ms[0m
[90mGET /lib/animate/animate.css [36m304 [90m2ms[0m
[90mGET /css/app.css [36m304 [90m1ms[0m
[90mGET /lib/angular/angular.min.js [36m304 [90m2ms[0m
[90mGET /lib/angular/angular-route.min.js [36m304 [90m1ms[0m
[90mGET /lib/angular/angular-resource.min.js [36m304 [90m1ms[0m
[90mGET /lib/angular/angular-animate.min.js [36m304 [90m1ms[0m
[90mGET /lib/ui-bootstrap/ui-bootstrap-tpls-0.9.0.min.js [36m304 [90m2ms[0m
[90mGET /js/app.js [36m304 [90m2ms[0m
[90mGET /js/controllers/app.js [36m304 [90m2ms[0m
[90mGET /js/controllers/index.js [36m304 [90m1ms[0m
[90mGET /js/controllers/register.js [36m304 [90m2ms[0m
[90mGET /js/controllers/login.js [36m304 [90m2ms[0m
[90mGET /js/controllers/admin.js [36m304 [90m1ms[0m
[90mGET /js/controllers/navigation.js [36m304 [90m2ms[0m
[90mGET /js/controllers/article.js [36m304 [90m2ms[0m
[90mGET /js/controllers/archive.js [36m304 [90m1ms[0m
[90mGET /js/controllers/contact.js [36m304 [90m2ms[0m
[90mGET /js/controllers/edit.js [36m304 [90m2ms[0m
[90mGET /js/directives/index.js [36m304 [90m2ms[0m
[90mGET /js/directives/particles.js [36m304 [90m1ms[0m
[90mGET /js/directives/button.js [36m304 [90m1ms[0m
[90mGET /js/providers/articles.js [36m304 [90m1ms[0m
[90mGET /js/providers/isMobile.js [36m304 [90m0ms[0m
[90mGET /partials/login [36m304 [90m12ms[0m
[90mGET /lib/ionicons/fonts/ionicons.ttf?v=1.4.0 [36m304 [90m0ms[0m
[90mPOST /login [32m200 [90m1390ms - 1.17kb[0m
[90mGET /loggedin [32m200 [90m43ms - 1.17kb[0m
[90mGET /partials/admin [36m304 [90m65ms[0m
[90mGET /api/articles [36m304 [90m91ms[0m
